Mplus VERSION 8.3
MUTHEN & MUTHEN
04/27/2023   2:32 PM

INPUT INSTRUCTIONS

  TITLE: Moderating Effects of Nutrition on the Relationship Between
  Adverse Childhood Experiences and Health Related Quality of Life
  MODACE;

  DATA: FILE = BRFSS2021.txt;

  VARIABLE:
  NAMES = ACES C_ABUSE H_DYSF NUTREC HRQOL MODERATOR
  EDUCA RACE GENDER AGE
  PSU STSTR STRWT LLCPWT;


  USEVARIABLES = ACES NUTREC HRQOL MODERATOR
  EDUCA RACE GENDER AGE;
  MISSING = ALL (-999);

  CATEGORICAL = HRQOL;

  WEIGHT = LLCPWT;

  STRATIFICATION = STSTR;

  CLUSTER = PSU;

  ANALYSIS: TYPE = COMPLEX;



  MODEL:
  HRQOL ON ACES NUTREC MODERATOR EDUCA RACE GENDER AGE;

  OUTPUT: STANDARDIZED;



*** WARNING in VARIABLE command
  Note that only the first 8 characters of variable names are used in the output.
  Shorten variable names to avoid any confusion.
*** WARNING
  Clusters with the same IDs have been found in different strata.  These
  clusters are assumed to be different because clusters are not allowed
  to appear in more than one stratum.
*** WARNING
  Data set contains cases with missing on x-variables.
  These cases were not included in the analysis.
  Number of cases with missing on x-variables:  15066
   3 WARNING(S) FOUND IN THE INPUT INSTRUCTIONS



Moderating Effects of Nutrition on the Relationship Between
Adverse Childhood Experiences and Health Related Quality of Life
MODACE;

SUMMARY OF ANALYSIS

Number of groups                                                 1
Number of observations                                       55565

Number of dependent variables                                    1
Number of independent variables                                  7
Number of continuous latent variables                            0

Observed dependent variables

  Binary and ordered categorical (ordinal)
   HRQOL

Observed independent variables
   ACES        NUTREC      MODERATO    EDUCA       RACE        GENDER
   AGE

Variables with special functions

  Stratification        STSTR
  Cluster variable      PSU
  Weight variable       LLCPWT

Estimator                                                    WLSMV
Maximum number of iterations                                  1000
Convergence criterion                                    0.500D-04
Maximum number of steepest descent iterations                   20
Maximum number of iterations for H1                           2000
Convergence criterion for H1                             0.100D-03
Parameterization                                             DELTA
Link                                                        PROBIT

Input data file(s)
  BRFSS2021.txt

Input data format  FREE


SUMMARY OF DATA

     Number of missing data patterns             1
     Number of strata                          379
     Number of clusters                      55565


COVARIANCE COVERAGE OF DATA

Minimum covariance coverage value   0.100


     PROPORTION OF DATA PRESENT


           Covariance Coverage
              HRQOL
              ________
 HRQOL          1.000


UNIVARIATE PROPORTIONS AND COUNTS FOR CATEGORICAL VARIABLES

    HRQOL
      Category 1    0.137         7592.083
      Category 2    0.863        47972.917



UNIVARIATE SAMPLE STATISTICS


     UNIVARIATE HIGHER-ORDER MOMENT DESCRIPTIVE STATISTICS

         Variable/         Mean/     Skewness/   Minimum/ % with                Percentiles
        Sample Size      Variance    Kurtosis    Maximum  Min/Max      20%/60%    40%/80%    Median

     ACES                  2.079      -0.149       1.000   37.26%       1.000      2.000      2.000
           55565.000       0.704      -1.564       3.000   34.90%       2.000      3.000
     NUTREC                0.056       3.877       0.000   93.79%       0.000      0.000      0.000
           55565.000       0.053      13.035       1.000    6.21%       0.000      0.000
     MODERATOR             0.116       4.709       0.000   93.79%       0.000      0.000      0.000
           55565.000       0.268      21.540       3.000    2.23%       0.000      0.000
     EDUCA                 4.762      -0.572       1.000    0.06%       4.000      5.000      5.000
           55565.000       1.082      -0.143       6.000   39.65%       5.000      6.000
     RACE                  1.476       1.770       1.000   80.68%       1.000      1.000      1.000
           55565.000       0.760       1.992       4.000    4.77%       1.000      1.000
     GENDER                1.520      -0.080       1.000   44.65%       1.000      1.000      2.000
           55565.000       0.250      -1.994       2.000   55.35%       2.000      2.000
     AGE                   3.841      -0.190       1.000    5.03%       3.000      5.000      5.000
           55565.000       2.924      -1.269       6.000   41.74%       6.000      6.000


     WARNING:  THE VARIANCE CONTRIBUTION FROM A STRATUM WITH A SINGLE CLUSTER
     (PSU) IS BASED ON THE DIFFERENCE BETWEEN THE SINGLE CLUSTER VALUE AND
     THE OVERALL CLUSTER MEAN.


THE MODEL ESTIMATION TERMINATED NORMALLY



MODEL FIT INFORMATION

Number of Free Parameters                        8

Chi-Square Test of Model Fit

          Value                              0.000*
          Degrees of Freedom                     0
          P-Value                           0.0000

*   The chi-square value for MLM, MLMV, MLR, ULSMV, WLSM and WLSMV cannot be used
    for chi-square difference testing in the regular way.  MLM, MLR and WLSM
    chi-square difference testing is described on the Mplus website.  MLMV, WLSMV,
    and ULSMV difference testing is done using the DIFFTEST option.

RMSEA (Root Mean Square Error Of Approximation)

          Estimate                           0.000
          90 Percent C.I.                    0.000  0.000
          Probability RMSEA <= .05           0.000

CFI/TLI

          CFI                                1.000
          TLI                                1.000

Chi-Square Test of Model Fit for the Baseline Model

          Value                            668.070
          Degrees of Freedom                     7
          P-Value                           0.0000

SRMR (Standardized Root Mean Square Residual)

          Value                              0.000

Optimum Function Value for Weighted Least-Squares Estimator

          Value                     0.64097712D-08



MODEL RESULTS

                                                    Two-Tailed
                    Estimate       S.E.  Est./S.E.    P-Value

 HRQOL    ON
    ACES              -0.250      0.014    -17.702      0.000
    NUTREC            -0.007      0.116     -0.064      0.949
    MODERATOR          0.042      0.050      0.843      0.399
    EDUCA              0.178      0.011     15.728      0.000
    RACE               0.004      0.015      0.282      0.778
    GENDER            -0.185      0.022     -8.283      0.000
    AGE               -0.045      0.007     -6.158      0.000

 Thresholds
    HRQOL$1           -1.261      0.087    -14.448      0.000


STANDARDIZED MODEL RESULTS


STDYX Standardization

                                                    Two-Tailed
                    Estimate       S.E.  Est./S.E.    P-Value

 HRQOL    ON
    ACES              -0.201      0.011    -18.330      0.000
    NUTREC            -0.002      0.025     -0.064      0.949
    MODERATOR          0.021      0.025      0.843      0.399
    EDUCA              0.177      0.011     16.197      0.000
    RACE               0.003      0.012      0.282      0.778
    GENDER            -0.089      0.011     -8.334      0.000
    AGE               -0.074      0.012     -6.190      0.000

 Thresholds
    HRQOL$1           -1.208      0.084    -14.467      0.000


STDY Standardization

                                                    Two-Tailed
                    Estimate       S.E.  Est./S.E.    P-Value

 HRQOL    ON
    ACES              -0.240      0.013    -18.356      0.000
    NUTREC            -0.007      0.111     -0.064      0.949
    MODERATOR          0.041      0.048      0.843      0.399
    EDUCA              0.171      0.011     16.215      0.000
    RACE               0.004      0.014      0.282      0.778
    GENDER            -0.178      0.021     -8.337      0.000
    AGE               -0.043      0.007     -6.191      0.000

 Thresholds
    HRQOL$1           -1.208      0.084    -14.467      0.000


STD Standardization

                                                    Two-Tailed
                    Estimate       S.E.  Est./S.E.    P-Value

 HRQOL    ON
    ACES              -0.250      0.014    -17.702      0.000
    NUTREC            -0.007      0.116     -0.064      0.949
    MODERATOR          0.042      0.050      0.843      0.399
    EDUCA              0.178      0.011     15.728      0.000
    RACE               0.004      0.015      0.282      0.778
    GENDER            -0.185      0.022     -8.283      0.000
    AGE               -0.045      0.007     -6.158      0.000

 Thresholds
    HRQOL$1           -1.261      0.087    -14.448      0.000


R-SQUARE

    Observed                                        Two-Tailed   Residual
    Variable        Estimate       S.E.  Est./S.E.    P-Value    Variance

    HRQOL              0.082      0.006     14.318      0.000      1.000


QUALITY OF NUMERICAL RESULTS

     Condition Number for the Information Matrix              0.401E-02
       (ratio of smallest to largest eigenvalue)


DIAGRAM INFORMATION

  Use View Diagram under the Diagram menu in the Mplus Editor to view the diagram.
  If running Mplus from the Mplus Diagrammer, the diagram opens automatically.

  Diagram output
    \\apporto.com\dfs\unco\users\brow8740_unco\documents\modace.dgm

     Beginning Time:  14:32:35
        Ending Time:  14:32:51
       Elapsed Time:  00:00:16



MUTHEN & MUTHEN
3463 Stoner Ave.
Los Angeles, CA  90066

Tel: (310) 391-9971
Fax: (310) 391-8971
Web: www.StatModel.com
Support: Support@StatModel.com

Copyright (c) 1998-2019 Muthen & Muthen
